<?xml version="1.0" encoding="UTF-8"?>
<!-- Generated by org.testng.reporters.JUnitXMLReporter -->
<testsuite ignored="0" hostname="DESKTOP-L3F2DEG" failures="0" tests="4" name="Test" time="0.142" errors="0" timestamp="2023-06-14T02:21:19 GMT-07:00">
  <testcase classname="E2E.Demo.TeseCase.TestCase1" name="login" time="0.025"/>
  <testcase classname="E2E.Demo.TeseCase.TestCase1" name="policyCreated" time="0.005"/>
  <testcase classname="E2E.Demo.TeseCase.TestCase1" name="downloadPolicy" time="0.007"/>
  <testcase classname="E2E.Demo.TeseCase.TestCase1" name="logout" time="0.003"/>
</testsuite> <!-- Test -->
