<?xml version="1.0" encoding="UTF-8"?>
<!-- Generated by org.testng.reporters.JUnitXMLReporter -->
<testsuite ignored="0" hostname="DESKTOP-L3F2DEG" failures="0" tests="4" name="Test" time="0.285" errors="0" timestamp="2023-06-14T06:07:36 GMT-07:00">
  <testcase classname="E2E.Demo.TeseCase.TestCase1" name="login" time="0.028"/>
  <testcase classname="E2E.Demo.TeseCase.TestCase1" name="policyCreated" time="0.003"/>
  <testcase classname="E2E.Demo.TeseCase.TestCase1" name="downloadPolicy" time="0.004"/>
  <testcase classname="E2E.Demo.TeseCase.TestCase1" name="logout" time="0.007"/>
</testsuite> <!-- Test -->
