<?xml version="1.0" encoding="UTF-8"?>
<testsuite xmlns:xsi="http://www.w3.org/2001/XMLSchema-instance" xsi:noNamespaceSchemaLocation="https://maven.apache.org/surefire/maven-surefire-plugin/xsd/surefire-test-report-3.0.xsd" version="3.0" name="TestSuite" time="3.251" tests="4" errors="0" skipped="0" failures="0">
  <properties>
[...]
</properties>
  <testcase name="login" classname="E2E.Demo.TeseCase.TestCase1" time="0.029">
    <system-out><![CDATA[User logged in Successfully with valid credentials
]]></system-out>
    <system-err><![CDATA[SLF4J: Failed to load class "org.slf4j.impl.StaticLoggerBinder".
SLF4J: Defaulting to no-operation (NOP) logger implementation
SLF4J: See http://www.slf4j.org/codes.html#StaticLoggerBinder for further details.
]]></system-err>
  </testcase>
  <testcase name="policyCreated" classname="E2E.Demo.TeseCase.TestCase1" time="0.021">
    <system-out><![CDATA[Insurance Policy is created Successfully with zedo dep
]]></system-out>
  </testcase>
  <testcase name="downloadPolicy" classname="E2E.Demo.TeseCase.TestCase1" time="0.007">
    <system-out><![CDATA[User downloaded Policy  Successfully
]]></system-out>
  </testcase>
  <testcase name="logout" classname="E2E.Demo.TeseCase.TestCase1" time="0.005">
    <system-out><![CDATA[User logged out Successfully.
]]></system-out>
  </testcase>
</testsuite>