<?xml version="1.0" encoding="UTF-8"?>
<testng-results ignored="0" total="4" passed="4" failed="0" skipped="0">
  <reporter-output>
  </reporter-output>
  <suite started-at="2023-06-14T02:21:19 GMT-07:00" name="Suite" finished-at="2023-06-14T02:21:19 GMT-07:00" duration-ms="142">
    <groups>
    </groups>
    <test started-at="2023-06-14T02:21:19 GMT-07:00" name="Test" finished-at="2023-06-14T02:21:19 GMT-07:00" duration-ms="142">
      <class name="E2E.Demo.TeseCase.TestCase1">
        <test-method signature="login()[pri:1, instance:E2E.Demo.TeseCase.TestCase1@4313f5bc]" started-at="2023-06-14T02:21:19 GMT-07:00" name="login" finished-at="2023-06-14T02:21:19 GMT-07:00" duration-ms="25" status="PASS">
          <reporter-output>
          </reporter-output>
        </test-method> <!-- login -->
        <test-method signature="policyCreated()[pri:2, instance:E2E.Demo.TeseCase.TestCase1@4313f5bc]" started-at="2023-06-14T02:21:19 GMT-07:00" name="policyCreated" finished-at="2023-06-14T02:21:19 GMT-07:00" duration-ms="5" status="PASS">
          <reporter-output>
          </reporter-output>
        </test-method> <!-- policyCreated -->
        <test-method signature="downloadPolicy()[pri:3, instance:E2E.Demo.TeseCase.TestCase1@4313f5bc]" started-at="2023-06-14T02:21:19 GMT-07:00" name="downloadPolicy" finished-at="2023-06-14T02:21:19 GMT-07:00" duration-ms="7" status="PASS">
          <reporter-output>
          </reporter-output>
        </test-method> <!-- downloadPolicy -->
        <test-method signature="logout()[pri:4, instance:E2E.Demo.TeseCase.TestCase1@4313f5bc]" started-at="2023-06-14T02:21:19 GMT-07:00" name="logout" finished-at="2023-06-14T02:21:19 GMT-07:00" duration-ms="3" status="PASS">
          <reporter-output>
          </reporter-output>
        </test-method> <!-- logout -->
      </class> <!-- E2E.Demo.TeseCase.TestCase1 -->
    </test> <!-- Test -->
  </suite> <!-- Suite -->
</testng-results>
